e0.m
e1.m
e12.m
e123.m
e1234.m
e12345.m
e123456.m
e1234567.m
e12345678.m
e123456789.m
e123456789a.m
e123456789ab.m
e123456789abc.m
e123456789abcd.m
e123456789abcde.m
e123456789abcdef.m
e123456789abcdefg.m
e12346.m
e1235.m
e12356.m
e1236.m
e124.m
e1245.m
e12456.m
e1246.m
e125.m
e1256.m
e126.m
e13.m
e134.m
e1345.m
e13456.m
e1346.m
e135.m
e1356.m
e136.m
e14.m
e145.m
e1456.m
e146.m
e15.m
e156.m
e16.m
e2.m
e23.m
e234.m
e2345.m
e23456.m
e2346.m
e235.m
e2356.m
e236.m
e24.m
e245.m
e2456.m
e246.m
e25.m
e256.m
e26.m
e3.m
e34.m
e345.m
e3456.m
e346.m
e35.m
e356.m
e36.m
e4.m
e45.m
e456.m
e46.m
e5.m
e56.m
e6.m
e7.m
e8.m
e9.m
ea.m
eb.m
ec.m
ed.m
ee.m
ef.m
eg.m
